Scan    Source   LST    UT     RA         DEC        Xmap   Ymap  Az    El   Az   El   Foc  NS   Ts1   Ts2  Mode  Sam Sec   Vel    Freq

15Mar2012  5:12-> Observer Initials = gbc
15Mar2012  5:12-> Project Id = VLBI
15Mar2012  5:12-> Observer Name = VLBI
15Mar2012  5:12-> FB: Nutate Rate =  2.50 Hz
15Mar2012  5:12-> Receiver = 1.3mmAL
15Mar2012  5:12-> FB: Cal Type = VANE
15Mar2012  5:12-> DBE: Cal Type = Vane  
15Mar2012  5:12-> DBE: Tcals 275.0 275.0 275.0 275.0 275.0 275.0 275.0 275.0
15Mar2012  5:12-> Operator = Pat Fimbres
15Mar2012  5:12-> Beams:    2:00   -2:00 Arc Mins.
15Mar2012  5:12-> Tol: =   2.0 arc secs.
15Mar2012  5:12-> Valid Data Mask: = 0x10000061
15Mar2012  5:12-> Data File Version = 2
15Mar2012  5:12-> FB_SKYOSC_OFF = 0.000000
2787       Mars  9:38  5:25 10:49:34.6  11:43:26.9   0:00   0:00 137.8 63.4   -3   +7   1.7  -2.1   152   155  FIVE  20   4    3.6  229.340000
2789       Mars  9:42  5:29 10:49:34.4  11:43:28.0   0:00   0:00 139.8 63.9   -3   +7   0.9  -2.1   151   154  FOC   18   4    3.6  229.340000
2791       Mars  9:45  5:32 10:49:34.2  11:43:28.9   0:00   0:00 141.3 64.3   -3   +7   1.7  -5.5   151   154  NSFC  18   4    3.6  229.340000
2793       Mars  9:49  5:35 10:49:34.0  11:43:29.8   0:00   0:00 142.8 64.8   -3   +7   1.7  -5.4   150   153  NSFC  18   4    3.6  229.340000
2795       Mars  9:53  5:39 10:49:33.7  11:43:30.9   0:00   0:00 144.9 65.3   -3   +7   1.7  -1.9   149   152  QK5   20   4    3.6  229.340000
2796   0854+201 10:02  5:48  8:55:32.8  20:03:31.3   0:00   0:00 233.5 70.6   -2   +8   1.7  -1.9   149   152  VLBI 740   0    0.0  229.340000
2798   0854+201 10:08  5:55  8:55:32.8  20:03:31.3   0:00   0:00 236.5 69.4   -2   +8   1.7  -1.9   149   152  FIVE  20   4    0.0  229.340000
2799   0854+201 10:11  5:58  8:55:32.8  20:03:31.3   0:00   0:00 238.0 68.9   -2   +8   1.7  -1.9   149   152  VLBI 740   0    0.0  229.340000
2801        M87 10:20  6:07 12:31:28.7  12:19:10.6   0:00   0:00 116.5 53.7   -2   +8   1.7  -1.9   158   162  SEQ   16   5    0.0  229.340000
2803        M87 10:22  6:09 12:31:28.7  12:19:10.6   0:00   0:00 117.0 54.1   -2   +8   1.7  -1.9   155   158  SEQ   16   5    0.0  229.340000
2805        M87 10:24  6:11 12:31:28.7  12:19:10.6   0:00   0:00 117.6 54.5   -2   +8   1.7  -1.9   154   158  SEQ   16   5    0.0  229.340000
2806        M87 10:27  6:14 12:31:28.7  12:19:10.6   0:00   0:00 118.5 55.1   -2   +8   1.7  -1.9   154   158  VLBI 1220   0    0.0  229.340000
2808        M87 10:38  6:25 12:31:28.7  12:19:10.6   0:00   0:00 121.6 57.0   -2   +8   1.7  -1.9   155   158  FIVE  20   4    0.0  229.340000
2809   0854+201 10:42  6:29  8:55:32.8  20:03:31.3   0:00   0:00 248.7 63.1   -2   +8   1.7  -1.9   155   158  VLBI 500   0    0.0  229.340000
2811        M87 10:49  6:35 12:31:28.7  12:19:10.6   0:00   0:00 125.0 58.9   -2   +8   1.7  -1.9   154   158  SEQ   16   5    0.0  229.340000
2812        M87 10:53  6:39 12:31:28.7  12:19:10.6   0:00   0:00 126.3 59.5   -2   +8   1.7  -1.9   154   158  VLBI 1220   0    0.0  229.340000
2814      3C273 11:03  6:50 12:29:46.4   1:58:51.5   0:00   0:00 142.2 53.2   -2   +8   1.7  -1.9   156   160  SEQ   16   5    0.0  229.340000
2816      3C273 11:06  6:52 12:29:46.4   1:58:51.5   0:00   0:00 142.9 53.5   -2   +8   1.7  -1.9   152   156  SEQ   16   5    0.0  229.340000
2818      3C273 11:08  6:54 12:29:46.4   1:58:51.5   0:00   0:00 143.7 53.7   -2   +8   1.7  -1.9   152   156  SEQ   16   5    0.0  229.340000
2820      3C273 11:10  6:56 12:29:46.4   1:58:51.5   0:00   0:00 144.5 54.0   -2   +8   1.7  -1.9   152   156  SEQ   16   5    0.0  229.340000
2822      3C273 11:12  6:58 12:29:46.4   1:58:51.5   0:00   0:00 145.3 54.3   -2   +8   1.7  -1.9   152   156  SEQ   16   5    0.0  229.340000
2824      3C273 11:14  7:00 12:29:46.4   1:58:51.5   0:00   0:00 146.1 54.5   -2   +8   1.7  -1.9   152   155  SEQ   16   5    0.0  229.340000
2825      3C273 11:18  7:04 12:29:46.4   1:58:51.5   0:00   0:00 147.5 54.9   -2   +8   1.7  -1.9   152   155  VLBI 500   0    0.0  229.340000
2827        M87 11:23  7:09 12:31:28.7  12:19:10.6   0:00   0:00 138.3 64.2   -2   +8   1.7  -1.9   149   152  SEQ   16   5    0.0  229.340000
2828        M87 11:26  7:12 12:31:28.7  12:19:10.6   0:00   0:00 139.8 64.6   -2   +8   1.7  -1.9   149   152  VLBI 1220   0    0.0  229.340000
2830      3C279 11:37  7:23 12:56:51.3  -5:51:31.9   0:00   0:00 150.0 47.0   -2   +8   1.7  -1.9   160   164  SEQ   16   5    0.0  229.340000
2831      3C279 11:40  7:26 12:56:51.3  -5:51:31.9   0:00   0:00 151.1 47.3   -2   +8   1.7  -1.9   160   164  VLBI 500   0    0.0  229.340000
2833        M87 11:45  7:31 12:31:28.7  12:19:10.6   0:00   0:00 149.6 67.0   -2   +8   1.7  -1.9   146   149  SEQ   16   5    0.0  229.340000
2835        M87 11:47  7:33 12:31:28.7  12:19:10.6   0:00   0:00 150.8 67.2   -2   +8   1.7  -1.9   143   145  SEQ   16   5    0.0  229.340000
2836        M87 11:51  7:37 12:31:28.7  12:19:10.6   0:00   0:00 153.1 67.6   -2   +8   1.7  -1.9   143   145  VLBI 1220   0    0.0  229.340000
2838      3C273 12:02  7:48 12:29:46.4   1:58:51.5   0:00   0:00 166.4 58.6   -2   +8   1.7  -1.9   150   154  SEQ   16   5    0.0  229.340000
2839      3C273 12:05  7:51 12:29:46.4   1:58:51.5   0:00   0:00 168.0 58.7   -2   +8   1.7  -1.9   150   154  VLBI 500   0    0.0  229.340000
2841        M87 12:10  7:56 12:31:28.7  12:19:10.6   0:00   0:00 164.9 69.0   -2   +8   1.7  -1.9   144   147  SEQ   16   5    0.0  229.340000
2843        M87 12:12  7:58 12:31:28.7  12:19:10.6   0:00   0:00 166.4 69.1   -2   +8   1.7  -1.9   141   144  SEQ   16   5    0.0  229.340000
2844        M87 12:16  8:02 12:31:28.7  12:19:10.6   0:00   0:00 169.1 69.3   -2   +8   1.7  -1.9   141   144  VLBI 1220   0    0.0  229.340000
2846      3C279 12:27  8:13 12:56:51.3  -5:51:31.9   0:00   0:00 168.1 50.8   -2   +8   1.7  -1.9   155   160  SEQ   16   5    0.0  229.340000
2847      3C279 12:30  8:16 12:56:51.3  -5:51:31.9   0:00   0:00 169.4 50.9   -2   +8   1.7  -1.9   155   160  VLBI 500   0    0.0  229.340000
2849     Saturn 12:35  8:22 13:49:24.8  -8:21:14.1   0:00   0:00 153.5 45.3   -2   +8   1.7  -1.9   159   164  QK5   20   4  -15.8  229.340000
2851        M87 12:38  8:25 12:31:28.7  12:19:10.6   0:00   0:00 184.8 69.6   +1  +10   1.7  -1.9   143   146  SEQ   16   5    0.0  229.340000
2853        M87 12:41  8:27 12:31:28.7  12:19:10.6   0:00   0:00 186.4 69.5   +1  +10   1.7  -1.9   141   144  SEQ   16   5    0.0  229.340000
2855        M87 12:43  8:29 12:31:28.7  12:19:10.6   0:00   0:00 188.0 69.4   +1  +10   1.7  -1.9   141   144  SEQ   16   5    0.0  229.340000
2856        M87 12:46  8:32 12:31:28.7  12:19:10.6   0:00   0:00 190.1 69.4   +1  +10   1.7  -1.9   141   144  VLBI 1220   0    0.0  229.340000
2858      3C273 12:57  8:43 12:29:46.4   1:58:51.5   0:00   0:00 193.0 58.6   +1  +10   1.7  -1.9   148   152  SEQ   16   5    0.0  229.340000
2859      3C273 13:00  8:46 12:29:46.4   1:58:51.5   0:00   0:00 194.6 58.5   +1  +10   1.7  -1.9   148   152  VLBI 500   0    0.0  229.340000
2861        M87 13:05  8:51 12:31:28.7  12:19:10.6   0:00   0:00 202.4 68.2   +1  +10   1.7  -1.9   144   148  SEQ   16   5    0.0  229.340000
2863        M87 13:07  8:53 12:31:28.7  12:19:10.6   0:00   0:00 203.8 68.0   +1  +10   1.7  -1.9   142   145  SEQ   16   5    0.0  229.340000
2864        M87 13:11  8:57 12:31:28.7  12:19:10.6   0:00   0:00 206.2 67.7   +1  +10   1.7  -1.9   142   145  VLBI 1220   0    0.0  229.340000
2866      3C279 13:22  9:08 12:56:51.3  -5:51:31.9   0:00   0:00 190.0 51.0   +1  +10   1.7  -1.9   155   160  SEQ   16   5    0.0  229.340000
2867      3C279 13:25  9:11 12:56:51.3  -5:51:31.9   0:00   0:00 191.2 50.9   +1  +10   1.7  -1.9   155   160  VLBI 500   0    0.0  229.340000
2869      3C279 13:30  9:16 12:56:51.3  -5:51:31.9   0:00   0:00 192.9 50.7   +1  +10   1.7  -1.9   155   160  FIVE  20   4    0.0  229.340000
2871       CENA 13:33  9:19 13:26:13.6 -43:05:01.8   0:00   0:00 181.2 14.2   +1  +10   1.7  -1.9   243   262  SEQ   16   5    0.0  229.340000
2872       CENA 13:37  9:23 13:26:13.6 -43:05:01.8   0:00   0:00 182.1 14.2   +1  +10   1.7  -1.9   243   262  VLBI 1220   0    0.0  229.340000
2874      3C273 13:48  9:34 12:29:46.4   1:58:51.5   0:00   0:00 215.0 54.2   +1  +10   1.7  -1.9   153   158  SEQ   16   5    0.0  229.340000
2875      3C273 13:51  9:37 12:29:46.4   1:58:51.5   0:00   0:00 216.1 53.8   +1  +10   1.7  -1.9   153   158  VLBI 500   0    0.0  229.340000
2877        M87 13:56  9:42 12:31:28.7  12:19:10.6   0:00   0:00 228.4 61.9   +1  +10   1.7  -1.9   150   154  SEQ   16   5    0.0  229.340000
2879        M87 13:58  9:44 12:31:28.7  12:19:10.6   0:00   0:00 229.2 61.6   +1  +10   1.7  -1.9   147   151  SEQ   16   5    0.0  229.340000
2880        M87 14:02  9:48 12:31:28.7  12:19:10.6   0:00   0:00 230.8 60.9   +1  +10   1.7  -1.9   147   151  VLBI 1220   0    0.0  229.340000
2882      3C279 14:13  9:59 12:56:51.3  -5:51:31.9   0:00   0:00 208.7 47.4   +1  +10   1.7  -1.9   160   165  SEQ   16   5    0.0  229.340000
2884      3C279 14:15 10:01 12:56:51.3  -5:51:31.9   0:00   0:00 209.5 47.2   +1  +10   1.7  -1.9   157   162  SEQ   16   5    0.0  229.340000
2886      3C279 14:17 10:03 12:56:51.3  -5:51:31.9   0:00   0:00 210.2 46.9   +1  +10   1.7  -1.9   157   163  SEQ   16   5    0.0  229.340000
2887      3C279 14:22 10:08 12:56:51.3  -5:51:31.9   0:00   0:00 211.7 46.5   +1  +10   1.7  -1.9   157   163  VLBI 500   0    0.0  229.340000
2889        M87 14:27 10:13 12:31:28.7  12:19:10.6   0:00   0:00 239.2 56.6   +1  +10   1.7  -1.9   153   157  SEQ   16   5    0.0  229.340000
2890        M87 14:30 10:16 12:31:28.7  12:19:10.6   0:00   0:00 240.1 56.1   +1  +10   1.7  -1.9   153   157  VLBI 1220   0    0.0  229.340000
2892      3C279 14:41 10:27 12:56:51.3  -5:51:31.9   0:00   0:00 217.6 44.2   +1  +10   1.7  -1.9   164   170  SEQ   16   5    0.0  229.340000
2894      3C279 14:43 10:29 12:56:51.3  -5:51:31.9   0:00   0:00 218.2 43.9   +1  +10   1.7  -1.9   162   167  SEQ   16   5    0.0  229.340000
2895      3C279 14:48 10:34 12:56:51.3  -5:51:31.9   0:00   0:00 219.7 43.3   +1  +10   1.7  -1.9   162   167  VLBI 500   0    0.0  229.340000
2897        M87 14:53 10:39 12:31:28.7  12:19:10.6   0:00   0:00 246.2 51.7   +1  +10   1.7  -1.9   158   163  SEQ   16   5    0.0  229.340000
2899        M87 14:55 10:41 12:31:28.7  12:19:10.6   0:00   0:00 246.7 51.3   +1  +10   1.7  -1.9   157   162  SEQ   16   5    0.0  229.340000
2900        M87 14:59 10:45 12:31:28.7  12:19:10.6   0:00   0:00 247.6 50.6   +1  +10   1.7  -1.9   157   162  VLBI 1220   0    0.0  229.340000
2902      3C279 15:10 10:56 12:56:51.3  -5:51:31.9   0:00   0:00 225.7 40.1   +1  +10   1.7  -1.9   170   177  SEQ   16   5    0.0  229.340000
2904      3C279 15:12 10:58 12:56:51.3  -5:51:31.9   0:00   0:00 226.2 39.8   +1  +10   1.7  -1.9   168   174  SEQ   16   5    0.0  229.340000
2905      3C279 15:17 11:03 12:56:51.3  -5:51:31.9   0:00   0:00 227.5 39.0   +1  +10   1.7  -1.9   168   174  VLBI 500   0    0.0  229.340000
2907        M87 15:22 11:08 12:31:28.7  12:19:10.6   0:00   0:00 252.6 46.0   +1  +10   1.7  -1.9   164   170  SEQ   16   5    0.0  229.340000
2909        M87 15:24 11:10 12:31:28.7  12:19:10.6   0:00   0:00 253.0 45.6   +1  +10   1.7  -1.9   161   167  SEQ   16   5    0.0  229.340000
2910        M87 15:28 11:14 12:31:28.7  12:19:10.6   0:00   0:00 253.8 44.8   +1  +10   1.7  -1.9   161   167  VLBI 1220   0    0.0  229.340000
2912      3C279 15:39 11:25 12:56:51.3  -5:51:31.9   0:00   0:00 232.7 35.5   +1  +10   1.7  -1.9   177   185  SEQ   16   5    0.0  229.340000
2914      3C279 15:42 11:27 12:56:51.3  -5:51:31.9   0:00   0:00 233.2 35.1   +1  +10   1.7  -1.9   175   183  SEQ   16   5    0.0  229.340000
2915      3C279 15:46 11:32 12:56:51.3  -5:51:31.9   0:00   0:00 234.3 34.3   +1  +10   1.7  -1.9   175   183  VLBI 500   0    0.0  229.340000
2917        M87 15:51 11:37 12:31:28.7  12:19:10.6   0:00   0:00 258.0 40.1   +1  +10   1.7  -1.9   170   177  SEQ   16   5    0.0  229.340000
2919        M87 15:54 11:39 12:31:28.7  12:19:10.6   0:00   0:00 258.3 39.7   +1  +10   1.7  -1.9   169   176  SEQ   16   5    0.0  229.340000
2920        M87 15:57 11:43 12:31:28.7  12:19:10.6   0:00   0:00 259.0 38.9   +1  +10   1.7  -1.9   169   176  VLBI 1220   0    0.0  229.340000
2922      3C279 16:08 11:54 12:56:51.3  -5:51:31.9   0:00   0:00 238.9 30.4   +1  +10   1.7  -1.9   184   194  SEQ   16   5    0.0  229.340000
2924      3C279 16:11 11:56 12:56:51.3  -5:51:31.9   0:00   0:00 239.3 30.0   +1  +10   1.7  -1.9   182   191  SEQ   16   5    0.0  229.340000
2925      3C279 16:15 12:01 12:56:51.3  -5:51:31.9   0:00   0:00 240.3 29.2   +1  +10   1.7  -1.9   182   191  VLBI 500   0    0.0  229.340000
2927     G10.62 16:22 12:07 18:11:13.1 -19:55:36.4   0:00   0:00 149.7 31.2   +1  +10   1.7  -1.9   185   194  QK5   20   4   -3.5  229.340000
2929       SGRA 16:25 12:10 17:46:27.8 -29:00:38.6   0:00   0:00 160.3 25.3   -2  +12   1.7  -1.9   199   211  SEQ   16   5    0.0  229.340000
2931       SGRA 16:27 12:12 17:46:27.8 -29:00:38.6   0:00   0:00 160.8 25.5   -2  +12   1.7  -1.9   195   207  SEQ   16   5    0.0  229.340000
2932       SGRA 16:30 12:16 17:46:27.8 -29:00:38.6   0:00   0:00 161.7 25.7   -2  +12   1.7  -1.9   195   207  VLBI 980   0    0.0  229.340000
2934    NRAO530 16:39 12:25 17:33:45.1 -13:05:19.6   0:00   0:00 162.0 42.4   -2  +12   1.7  -1.9   167   173  SEQ   16   5    0.0  229.340000
2935    NRAO530 16:42 12:28 17:33:45.1 -13:05:19.6   0:00   0:00 163.0 42.6   -2  +12   1.7  -1.9   167   173  VLBI 620   0    0.0  229.340000
2937      3C279 16:49 12:35 12:56:51.3  -5:51:31.9   0:00   0:00 246.4 22.8   -2  +12   1.7  -1.9   204   217  SEQ   16   5    0.0  229.340000
2939      3C279 16:52 12:37 12:56:51.3  -5:51:31.9   0:00   0:00 246.8 22.4   -2  +12   1.7  -1.9   203   215  SEQ   16   5    0.0  229.340000
2941      3C279 16:54 12:39 12:56:51.3  -5:51:31.9   0:00   0:00 247.1 22.0   -2  +12   1.7  -1.9   204   217  SEQ   16   5    0.0  229.340000
2942      3C279 16:57 12:42 12:56:51.3  -5:51:31.9   0:00   0:00 247.6 21.4   -2  +12   1.7  -1.9   204   217  VLBI 500   0    0.0  229.340000
2944       SGRA 17:02 12:48 17:46:27.8 -29:00:38.6   0:00   0:00 169.2 27.4   -2  +12   1.7  -1.9   191   202  SEQ   16   5    0.0  229.340000
2946       SGRA 17:05 12:50 17:46:27.8 -29:00:38.6   0:00   0:00 169.7 27.5   -2  +12   1.7  -1.9   187   198  SEQ   16   5    0.0  229.340000
2948       SGRA 17:07 12:52 17:46:27.8 -29:00:38.6   0:00   0:00 170.2 27.6   -2  +12   1.7  -1.9   188   199  SEQ   16   5    0.0  229.340000
2949       SGRA 17:10 12:55 17:46:27.8 -29:00:38.6   0:00   0:00 171.0 27.7   -2  +12   1.7  -1.9   188   199  VLBI 980   0    0.0  229.340000
15Mar2012 13:04-> Operator = John Downey
2951       SGRA 17:18 13:04 17:46:27.8 -29:00:38.6   0:00   0:00 173.0 27.9   -2  +12   1.7  -1.9   189   200  SEQ   16   5    0.0  229.340000
2953       SGRA 17:20 13:06 17:46:27.8 -29:00:38.6   0:00   0:00 173.5 28.0   -2  +12   1.7  -1.9   186   196  SEQ   16   5    0.0  229.340000
2955       SGRA 17:22 13:08 17:46:27.8 -29:00:38.6   0:00   0:00 174.1 28.0   -2  +12   1.7  -1.9   185   196  SEQ   16   5    0.0  229.340000
2957       SGRA 17:24 13:10 17:46:27.8 -29:00:38.6   0:00   0:00 174.6 28.1   -2  +12   1.7  -1.9   185   196  SEQ   16   5    0.0  229.340000
2959       SGRA 17:26 13:12 17:46:27.8 -29:00:38.6   0:00   0:00 175.1 28.1   -2  +12   1.7  -1.9   185   196  SEQ   16   5    0.0  229.340000
2961       SGRA 17:29 13:14 17:46:27.8 -29:00:38.6   0:00   0:00 175.6 28.2   -2  +12   1.7  -1.9   186   196  SEQ   16   5    0.0  229.340000
2963       SGRA 17:31 13:16 17:46:27.8 -29:00:38.6   0:00   0:00 176.1 28.2   -2  +12   1.7  -1.9   186   196  SEQ   16   5    0.0  229.340000
2965       SGRA 17:33 13:18 17:46:27.8 -29:00:38.6   0:00   0:00 176.6 28.2   -2  +12   1.7  -1.9   185   196  SEQ   16   5    0.0  229.340000
2967       SGRA 17:35 13:20 17:46:27.8 -29:00:38.6   0:00   0:00 177.2 28.2   -2  +12   1.7  -1.9   185   196  SEQ   16   5    0.0  229.340000
2968       SGRA 17:40 13:25 17:46:27.8 -29:00:38.6   0:00   0:00 178.4 28.3   -2  +12   1.7  -1.9   185   196  VLBI 1220   0    0.0  229.340000
2970    NRAO530 17:51 13:36 17:33:45.1 -13:05:19.6   0:00   0:00 185.8 44.0   -2  +12   1.7  -1.9   165   172  SEQ   16   5    0.0  229.340000
2971    NRAO530 17:54 13:39 17:33:45.1 -13:05:19.6   0:00   0:00 186.8 44.0   -2  +12   1.7  -1.9   165   172  VLBI 620   0    0.0  229.340000
2973       SGRA 18:00 13:45 17:46:27.8 -29:00:38.6   0:00   0:00 183.3 28.2   -2  +12   1.7  -1.9   188   198  SEQ   16   5    0.0  229.340000
2974       SGRA 18:03 13:48 17:46:27.8 -29:00:38.6   0:00   0:00 184.1 28.2   -2  +12   1.7  -1.9   188   198  VLBI 1220   0    0.0  229.340000
2976       SGRA 18:13 13:59 17:46:27.8 -29:00:38.6   0:00   0:00 186.7 28.0   -2  +12   1.7  -1.9   187   198  SEQ   16   5    0.0  229.340000
2978       SGRA 18:15 14:01 17:46:27.8 -29:00:38.6   0:00   0:00 187.2 27.9   -2  +12   1.7  -1.9   185   196  SEQ   16   5    0.0  229.340000
2980       SGRA 18:17 14:03 17:46:27.8 -29:00:38.6   0:00   0:00 187.7 27.9   -2  +12   1.7  -1.9   186   196  SEQ   16   5    0.0  229.340000
2982       SGRA 18:20 14:05 17:46:27.8 -29:00:38.6   0:00   0:00 188.2 27.8   -2  +12   1.7  -1.9   187   198  SEQ   16   5    0.0  229.340000
2984       SGRA 18:22 14:07 17:46:27.8 -29:00:38.6   0:00   0:00 188.7 27.7   -2  +12   1.7  -1.9   186   197  SEQ   16   5    0.0  229.340000
2986       SGRA 18:24 14:09 17:46:27.8 -29:00:38.6   0:00   0:00 189.2 27.7   -2  +12   1.7  -1.9   186   197  SEQ   16   5    0.0  229.340000
2988       SGRA 18:26 14:11 17:46:27.8 -29:00:38.6   0:00   0:00 189.7 27.6   -2  +12   1.7  -1.9   185   196  SEQ   16   5    0.0  229.340000
2990       SGRA 18:28 14:13 17:46:27.8 -29:00:38.6   0:00   0:00 190.2 27.5   -2  +12   1.7  -1.9   186   197  SEQ   16   5    0.0  229.340000
2992       SGRA 18:30 14:15 17:46:27.8 -29:00:38.6   0:00   0:00 190.7 27.5   -2  +12   1.7  -1.9   187   197  SEQ   16   5    0.0  229.340000
2993       SGRA 18:33 14:18 17:46:27.8 -29:00:38.6   0:00   0:00 191.5 27.3   -2  +12   1.7  -1.9   187   197  VLBI 1220   0    0.0  229.340000
2995   1921-293 18:44 14:29 19:25:37.6 -29:12:55.2   0:00   0:00 169.8 27.3   -2  +12   1.7  -1.9   193   204  SEQ   16   5    0.0  229.340000
2997   1921-293 18:46 14:31 19:25:37.6 -29:12:55.2   0:00   0:00 170.3 27.4   -2  +12   1.7  -1.9   189   200  SEQ   16   5    0.0  229.340000
2998   1921-293 18:49 14:34 19:25:37.6 -29:12:55.2   0:00   0:00 171.0 27.5   -2  +12   1.7  -1.9   189   200  VLBI 620   0    0.0  229.340000
3000       SGRA 18:55 14:40 17:46:27.8 -29:00:38.6   0:00   0:00 196.7 26.2   -2  +12   1.7  -1.9   197   210  SEQ   16   5    0.0  229.340000
3001       SGRA 18:58 14:43 17:46:27.8 -29:00:38.6   0:00   0:00 197.4 26.0   -2  +12   1.7  -1.9   197   210  VLBI 1220   0    0.0  229.340000
3003   1921-293 19:09 14:54 19:25:37.6 -29:12:55.2   0:00   0:00 175.9 28.0   -2  +12   1.7  -1.9   193   204  SEQ   16   5    0.0  229.340000
3005   1921-293 19:11 14:56 19:25:37.6 -29:12:55.2   0:00   0:00 176.4 28.0   -2  +12   1.7  -1.9   188   199  SEQ   16   5    0.0  229.340000
3006   1921-293 19:14 14:59 19:25:37.6 -29:12:55.2   0:00   0:00 177.2 28.0   -2  +12   1.7  -1.9   188   199  VLBI 620   0    0.0  229.340000
3008       SGRA 19:20 15:05 17:46:27.8 -29:00:38.6   0:00   0:00 202.5 24.4   -2  +12   1.7  -1.9   202   216  SEQ   16   5    0.0  229.340000
3009       SGRA 19:23 15:08 17:46:27.8 -29:00:38.6   0:00   0:00 203.1 24.2   -2  +12   1.7  -1.9   202   216  VLBI 1220   0    0.0  229.340000
3011   1921-293 19:34 15:19 19:25:37.6 -29:12:55.2   0:00   0:00 182.1 28.1   -2  +12   1.7  -1.9   193   204  SEQ   16   5    0.0  229.340000
3012   1921-293 19:37 15:22 19:25:37.6 -29:12:55.2   0:00   0:00 182.9 28.0   -2  +12   1.7  -1.9   193   204  VLBI 620   0    0.0  229.340000
3014     G10.62 19:43 15:28 18:11:13.1 -19:55:36.4   0:00   0:00 206.0 33.0   -2  +12   1.7  -1.9   182   191  QK5   20   4   -3.5  229.340000
3016     G10.62 19:46 15:31 18:11:13.1 -19:55:36.4   0:00   0:00 206.7 32.7   +7  +13   0.9  -1.9   180   189  FOC   18   4   -3.5  229.340000
3018     G10.62 19:48 15:33 18:11:13.1 -19:55:36.4   0:00   0:00 207.3 32.5   +7  +13   1.8  -1.9   180   189  QK5   20   4   -3.5  229.340000
3019       SGRA 19:54 15:39 17:46:27.8 -29:00:38.6   0:00   0:00 209.8 21.3   +7  +11   1.8  -1.9   180   189  VLBI 962   0    0.0  229.340000
3021   1921-293 20:03 15:48 19:25:37.6 -29:12:55.2   0:00   0:00 189.3 27.5   +7  +11   1.8  -1.9   190   201  SEQ   16   5    0.0  229.340000
3023   1921-293 20:05 15:50 19:25:37.6 -29:12:55.2   0:00   0:00 189.8 27.4   +7  +11   1.8  -1.9   189   200  SEQ   16   5    0.0  229.340000
3024   1921-293 20:08 15:53 19:25:37.6 -29:12:55.2   0:00   0:00 190.5 27.3   +7  +11   1.8  -1.9   189   200  VLBI 620   0    0.0  229.340000
3026       SGRA 20:14 15:59 17:46:27.8 -29:00:38.6   0:00   0:00 213.8 19.1   +7  +11   1.8  -1.9   220   237  SEQ   16   5    0.0  229.340000
3027       SGRA 20:17 16:02 17:46:27.8 -29:00:38.6   0:00   0:00 214.4 18.7   +7  +11   1.8  -1.9   220   237  VLBI 1220   0    0.0  229.340000
3029   1921-293 20:28 16:13 19:25:37.6 -29:12:55.2   0:00   0:00 195.3 26.4   +7  +11   1.8  -1.9   192   203  SEQ   16   5    0.0  229.340000
3030   1921-293 20:32 16:17 19:25:37.6 -29:12:55.2   0:00   0:00 196.2 26.1   +7  +11   1.8  -1.9   192   203  VLBI 620   0    0.0  229.340000
3032    NRAO530 20:38 16:23 17:33:45.2 -13:05:19.6   0:00   0:00 231.7 26.5   +7  +11   1.8  -1.9   193   204  SEQ   16   5    0.0  229.340000
3033    NRAO530 20:42 16:27 17:33:45.2 -13:05:19.6   0:00   0:00 232.5 25.8   +7  +11   1.8  -1.9   193   204  VLBI 620   0    0.0  229.340000
3035   1921-293 20:48 16:33 19:25:37.6 -29:12:55.2   0:00   0:00 199.9 25.1   +7  +11   1.8  -1.9   191   202  SEQ   16   5    0.0  229.340000
3036   1921-293 20:52 16:37 19:25:37.6 -29:12:55.2   0:00   0:00 200.8 24.8   +7  +11   1.8  -1.9   191   202  VLBI 980   0    0.0  229.340000
3038    NRAO530 21:01 16:46 17:33:45.2 -13:05:19.6   0:00   0:00 236.1 22.6   +7  +11   1.8  -1.9   194   206  SEQ   16   5    0.0  229.340000
3039    NRAO530 21:05 16:50 17:33:45.2 -13:05:19.6   0:00   0:00 236.9 21.9   +7  +11   1.8  -1.9   194   206  VLBI 620   0    0.0  229.340000
3041      3C345 21:12 16:57 16:43:24.5  39:46:58.9   0:00   0:00 298.1 36.7   +7  +11   1.8  -1.9   170   178  SEQ   16   5    0.0  229.340000
3042      3C345 21:16 17:01 16:43:24.5  39:46:58.9   0:00   0:00 298.4 35.9   +7  +11   1.8  -1.9   170   178  VLBI 740   0    0.0  229.340000
3044      BLLAC 21:24 17:09 22:03:13.0  42:20:09.4   0:00   0:00 395.6 77.7   +7  +11   1.8  -1.9   141   145  SEQ   16   5    0.0  229.340000
3045      BLLAC 21:28 17:13 22:03:13.0  42:20:09.4   0:00   0:00 393.2 78.2   +7  +11   1.8  -1.9   141   145  VLBI 740   0    0.0  229.340000
3047       3C84 21:36 17:21  3:20:37.2  41:33:25.6   0:00   0:00 414.6 23.6   +7  +11   1.8  -1.9   191   203  SEQ   16   5    0.0  229.340000
3048       3C84 21:40 17:25  3:20:37.2  41:33:25.6   0:00   0:00 415.0 24.4   +7  +11   1.8  -1.9   191   203  VLBI 620   0    0.0  229.340000
17Mar2012 19:44-> High Winds Detected
17Mar2012 20:20-> High Winds Detected
17Mar2012 20:28-> High Winds Detected
17Mar2012 20:35-> High Winds Detected
17Mar2012 20:43-> High Winds Detected
17Mar2012 20:58-> High Winds Detected
17Mar2012 21:14-> High Winds Detected
17Mar2012 22:43-> High Winds Detected
17Mar2012 23:08-> High Winds Detected
17Mar2012 23:09-> High Winds Detected
17Mar2012 23:15-> High Winds Detected
17Mar2012 23:24-> High Winds Detected
17Mar2012 23:37-> High Winds Detected
17Mar2012 23:38-> High Winds Detected
18Mar2012  0:22-> High Winds Detected
18Mar2012  0:46-> High Winds Detected
18Mar2012  0:55-> High Winds Detected
18Mar2012  0:59-> High Winds Detected
18Mar2012  1:01-> High Winds Detected
18Mar2012  1:21-> High Winds Detected
18Mar2012  1:33-> High Winds Detected
18Mar2012  1:44-> High Winds Detected
18Mar2012  1:46-> High Winds Detected
18Mar2012  1:48-> High Winds Detected
18Mar2012  1:53-> High Winds Detected
18Mar2012  1:55-> High Winds Detected
18Mar2012  3:00-> High Winds Detected
18Mar2012  3:42-> High Winds Detected
18Mar2012  3:54-> High Winds Detected
18Mar2012  4:10-> High Winds Detected
18Mar2012  4:13-> High Winds Detected
18Mar2012  4:25-> High Winds Detected
18Mar2012  4:50-> High Winds Detected
18Mar2012  4:51-> High Winds Detected
18Mar2012  4:53-> High Winds Detected
18Mar2012  4:55-> High Winds Detected
18Mar2012  5:00-> High Winds Detected
18Mar2012  5:04-> High Winds Detected
18Mar2012  5:07-> High Winds Detected
18Mar2012  5:14-> High Winds Detected
18Mar2012  5:15-> High Winds Detected
18Mar2012  5:19-> High Winds Detected
18Mar2012  5:26-> High Winds Detected
18Mar2012  5:27-> High Winds Detected
18Mar2012  5:36-> High Winds Detected
18Mar2012  5:43-> High Winds Detected
18Mar2012  5:54-> High Winds Detected
18Mar2012  5:55-> High Winds Detected
18Mar2012  5:56-> High Winds Detected
18Mar2012  6:02-> High Winds Detected
18Mar2012  6:04-> High Winds Detected
18Mar2012  6:05-> High Winds Detected
18Mar2012  6:07-> High Winds Detected
18Mar2012  6:11-> High Winds Detected
18Mar2012  6:16-> High Winds Detected
18Mar2012  6:19-> High Winds Detected
18Mar2012  6:21-> High Winds Detected
18Mar2012  6:22-> High Winds Detected
18Mar2012  6:26-> High Winds Detected
18Mar2012  6:28-> High Winds Detected
18Mar2012  6:29-> High Winds Detected
18Mar2012  6:33-> High Winds Detected
18Mar2012  6:38-> High Winds Detected
18Mar2012  6:39-> High Winds Detected
18Mar2012  6:40-> High Winds Detected
18Mar2012  6:41-> High Winds Detected
18Mar2012  6:47-> High Winds Detected
18Mar2012  6:49-> High Winds Detected
18Mar2012  6:56-> High Winds Detected
18Mar2012  7:04-> High Winds Detected
18Mar2012  7:06-> High Winds Detected
18Mar2012  7:10-> High Winds Detected
18Mar2012  7:12-> High Winds Detected
18Mar2012  7:13-> High Winds Detected
18Mar2012  7:14-> High Winds Detected
18Mar2012  7:16-> High Winds Detected
18Mar2012  7:17-> High Winds Detected
18Mar2012  7:18-> High Winds Detected
18Mar2012  7:19-> High Winds Detected
18Mar2012  7:20-> High Winds Detected
18Mar2012  7:21-> High Winds Detected
18Mar2012  7:22-> High Winds Detected
18Mar2012  7:23-> High Winds Detected
18Mar2012  7:24-> High Winds Detected
18Mar2012  7:26-> High Winds Detected
18Mar2012  7:27-> High Winds Detected
18Mar2012  7:28-> High Winds Detected
18Mar2012  7:30-> High Winds Detected
18Mar2012  7:32-> High Winds Detected
18Mar2012  7:33-> High Winds Detected
18Mar2012  7:34-> High Winds Detected
18Mar2012  7:36-> High Winds Detected
18Mar2012  7:38-> High Winds Detected
18Mar2012  7:40-> High Winds Detected
18Mar2012  7:43-> High Winds Detected
18Mar2012  7:45-> High Winds Detected
18Mar2012  7:46-> High Winds Detected
18Mar2012  7:48-> High Winds Detected
18Mar2012  7:50-> High Winds Detected
18Mar2012  7:53-> High Winds Detected
18Mar2012  7:56-> High Winds Detected
18Mar2012  7:57-> High Winds Detected
18Mar2012  7:59-> High Winds Detected
18Mar2012  8:01-> High Winds Detected
18Mar2012  8:06-> High Winds Detected
18Mar2012  8:07-> High Winds Detected
18Mar2012  8:10-> High Winds Detected
18Mar2012  8:11-> High Winds Detected
18Mar2012  8:13-> High Winds Detected
18Mar2012  8:14-> High Winds Detected
18Mar2012  8:18-> High Winds Detected
18Mar2012  8:19-> High Winds Detected
18Mar2012  8:20-> High Winds Detected
18Mar2012  8:27-> High Winds Detected
18Mar2012  8:31-> High Winds Detected
18Mar2012  8:32-> High Winds Detected
18Mar2012  8:36-> High Winds Detected
18Mar2012  8:41-> High Winds Detected
18Mar2012  8:43-> High Winds Detected
18Mar2012  8:46-> High Winds Detected
18Mar2012  8:48-> High Winds Detected
18Mar2012  8:50-> High Winds Detected
18Mar2012  8:52-> High Winds Detected
18Mar2012  8:53-> High Winds Detected
18Mar2012  8:55-> High Winds Detected
18Mar2012  8:57-> High Winds Detected
18Mar2012  9:00-> High Winds Detected
18Mar2012  9:02-> High Winds Detected
18Mar2012  9:03-> High Winds Detected
18Mar2012  9:05-> High Winds Detected
18Mar2012  9:07-> High Winds Detected
18Mar2012  9:07-> High Winds Detected
18Mar2012  9:08-> High Winds Detected
18Mar2012  9:10-> High Winds Detected
18Mar2012  9:12-> High Winds Detected
18Mar2012  9:14-> High Winds Detected
18Mar2012  9:16-> High Winds Detected
18Mar2012  9:18-> High Winds Detected
18Mar2012  9:19-> High Winds Detected
18Mar2012  9:22-> High Winds Detected
18Mar2012  9:27-> High Winds Detected
18Mar2012  9:28-> High Winds Detected
18Mar2012  9:32-> High Winds Detected
18Mar2012  9:37-> High Winds Detected
18Mar2012  9:38-> High Winds Detected
18Mar2012  9:41-> High Winds Detected
18Mar2012  9:42-> High Winds Detected
18Mar2012  9:46-> High Winds Detected
18Mar2012  9:50-> High Winds Detected
18Mar2012  9:51-> High Winds Detected
18Mar2012  9:52-> High Winds Detected
18Mar2012  9:55-> High Winds Detected
18Mar2012  9:57-> High Winds Detected
18Mar2012 10:00-> High Winds Detected
18Mar2012 10:02-> High Winds Detected
18Mar2012 10:04-> High Winds Detected
18Mar2012 10:09-> High Winds Detected
18Mar2012 10:10-> High Winds Detected
18Mar2012 10:11-> High Winds Detected
18Mar2012 10:14-> High Winds Detected
18Mar2012 10:15-> High Winds Detected
18Mar2012 10:18-> High Winds Detected
18Mar2012 10:22-> High Winds Detected
18Mar2012 10:23-> High Winds Detected
18Mar2012 10:24-> High Winds Detected
18Mar2012 10:25-> High Winds Detected
18Mar2012 10:27-> High Winds Detected
18Mar2012 10:30-> High Winds Detected
18Mar2012 10:32-> High Winds Detected
18Mar2012 10:34-> High Winds Detected
18Mar2012 10:36-> High Winds Detected
18Mar2012 10:37-> High Winds Detected
18Mar2012 10:38-> High Winds Detected
18Mar2012 10:42-> High Winds Detected
18Mar2012 10:43-> High Winds Detected
18Mar2012 10:44-> High Winds Detected
18Mar2012 10:51-> High Winds Detected
18Mar2012 10:52-> High Winds Detected
18Mar2012 10:52-> High Winds Detected
18Mar2012 10:53-> High Winds Detected
18Mar2012 10:55-> High Winds Detected
18Mar2012 10:57-> High Winds Detected
18Mar2012 10:59-> High Winds Detected
18Mar2012 11:00-> High Winds Detected
18Mar2012 11:02-> High Winds Detected
18Mar2012 11:03-> High Winds Detected
18Mar2012 11:05-> High Winds Detected
18Mar2012 11:08-> High Winds Detected
18Mar2012 11:10-> High Winds Detected
18Mar2012 11:11-> High Winds Detected
18Mar2012 11:14-> High Winds Detected
18Mar2012 11:18-> High Winds Detected
18Mar2012 11:19-> High Winds Detected
18Mar2012 11:23-> High Winds Detected
18Mar2012 11:29-> High Winds Detected
18Mar2012 11:30-> High Winds Detected
18Mar2012 11:32-> High Winds Detected
18Mar2012 11:34-> High Winds Detected
18Mar2012 11:39-> High Winds Detected
18Mar2012 11:45-> High Winds Detected
18Mar2012 11:47-> High Winds Detected
18Mar2012 11:56-> High Winds Detected
18Mar2012 12:01-> High Winds Detected
18Mar2012 12:02-> High Winds Detected
18Mar2012 12:06-> High Winds Detected
18Mar2012 12:09-> High Winds Detected
18Mar2012 12:11-> High Winds Detected
18Mar2012 12:16-> High Winds Detected
18Mar2012 12:16-> High Winds Detected
18Mar2012 12:19-> High Winds Detected
18Mar2012 12:21-> High Winds Detected
18Mar2012 12:24-> High Winds Detected
18Mar2012 12:25-> High Winds Detected
18Mar2012 12:30-> High Winds Detected
18Mar2012 12:33-> High Winds Detected
18Mar2012 12:34-> High Winds Detected
18Mar2012 12:42-> High Winds Detected
18Mar2012 12:46-> High Winds Detected
18Mar2012 12:47-> High Winds Detected
18Mar2012 12:49-> High Winds Detected
18Mar2012 12:50-> High Winds Detected
18Mar2012 12:53-> High Winds Detected
18Mar2012 12:55-> High Winds Detected
18Mar2012 12:56-> High Winds Detected
18Mar2012 13:01-> High Winds Detected
18Mar2012 13:03-> High Winds Detected
18Mar2012 13:08-> High Winds Detected
18Mar2012 13:10-> High Winds Detected
18Mar2012 13:13-> High Winds Detected
18Mar2012 13:15-> High Winds Detected
18Mar2012 13:19-> High Winds Detected
18Mar2012 13:21-> High Winds Detected
18Mar2012 13:23-> High Winds Detected
18Mar2012 13:32-> High Winds Detected
18Mar2012 13:34-> High Winds Detected
18Mar2012 13:36-> High Winds Detected
18Mar2012 13:38-> High Winds Detected
18Mar2012 13:45-> High Winds Detected
18Mar2012 13:47-> High Winds Detected
18Mar2012 13:49-> High Winds Detected
18Mar2012 14:00-> High Winds Detected
18Mar2012 14:00-> High Winds Detected
18Mar2012 14:08-> High Winds Detected
18Mar2012 14:35-> High Winds Detected
18Mar2012 15:09-> High Winds Detected
18Mar2012 15:29-> High Winds Detected
18Mar2012 15:52-> High Winds Detected
18Mar2012 16:12-> High Winds Detected
18Mar2012 16:19-> High Winds Detected
18Mar2012 16:19-> Rain Detected
18Mar2012 18:31-> High Winds Detected
18Mar2012 18:37-> High Winds Detected
18Mar2012 18:39-> High Winds Detected
18Mar2012 18:40-> High Winds Detected
18Mar2012 18:41-> High Winds Detected
18Mar2012 18:47-> High Winds Detected
18Mar2012 19:14-> Rain Stopped
18Mar2012 20:22-> Rain Detected
18Mar2012 21:40-> Rain Stopped
18Mar2012 22:58-> Rain Detected
19Mar2012  0:10-> Rain Stopped
19Mar2012 10:36-> Rain Detected
19Mar2012 13:41-> Rain Stopped
19Mar2012 13:58-> Rain Detected
19Mar2012 16:19-> Rain Stopped
19Mar2012 23:51-> Rain Detected
20Mar2012  2:12-> Rain Stopped
20Mar2012  6:00-> Rain Detected
20Mar2012  7:42-> Rain Stopped
20Mar2012 15:19-> Rain Detected
20Mar2012 16:18-> Rain Stopped
20Mar2012 23:14-> FB: Nutate Rate =  4.00 Hz
3050     W3(OH)  3:50 23:14  2:27:59.4  61:55:50.5   0:00   0:00 -18.1 58.0   +7  +11   1.8  -1.9  -inf -6789217607935030725898665984  QK5   20   6    0.0  229.340000
3052     W3(OH)  3:54 23:18  2:27:59.4  61:55:50.5   0:00   0:00 -18.8 57.7  -10  +11   1.8  -1.9 162555146479306632133887340816262758400 664336960  QK5   20   4    0.0  229.340000
3053     W3(OH)  3:57 23:21  2:27:59.4  61:55:50.5   0:00   0:00 -19.4 57.5  -10  +11   1.8  -1.9 162555146479306632133887340816262758400 664336960  COLD   3   5    0.0  229.340000
3057     W3(OH)  4:03 23:27  2:27:59.4  61:55:50.5   0:00   0:00 -20.5 57.0  -15  +11   1.8  -1.9   158   164  QK5   20   4    0.0  229.340000
3059     W3(OH)  4:06 23:30  2:27:59.4  61:55:50.5   0:00   0:00 -20.9 56.8   -2  +20   1.8  -1.9   156   162  QK5   20   4    0.0  229.340000
3060     W3(OH)  4:09 23:33  2:27:59.4  61:55:50.5   0:00   0:00 -21.3 56.6   -2  +20   1.8  -1.9   156   162  COLD   3   5    0.0  229.340000
3062       3C84  4:11 23:35  3:20:37.2  41:33:25.3   0:00   0:00 -44.8 76.7   -2  +20   1.8  -1.9   141   144  QK5   20   4    0.0  229.340000
3064       3C84  4:20 23:44  3:20:37.2  41:33:25.3   0:00   0:00 -49.0 75.3   -2  +20   1.8  -1.9   141   145  QK5   20   4    0.0  229.340000
3066       3C84  4:23 23:47  3:20:37.2  41:33:25.3   0:00   0:00 -50.1 74.8  -20  +20   1.8  -1.9   141   144  QK5   20   4    0.0  229.340000
3068       3C84  4:26 23:50  3:20:37.2  41:33:25.3   0:00   0:00 -51.1 74.3  -10  +20   1.8  -1.9   141   145  QK5   20   4    0.0  229.340000
3070       3C84  4:29 23:53  3:20:37.2  41:33:25.3   0:00   0:00 -52.1 73.8  -10  +10   1.8  -1.9   139   142  QK5   20   8    0.0  229.340000
3072       3C84  4:33 23:57  3:20:37.2  41:33:25.3   0:00   0:00 -53.3 73.1  -20  +10   1.8  -1.9   138   141  QK5   20   8    0.0  229.340000
3074       3C84  4:37  0:01  3:20:37.2  41:33:25.3   0:00   0:00 -54.4 72.4  +10  +10   1.8  -1.9   139   143  QK5   20   8    0.0  229.340000
3076       3C84  4:41  0:05  3:20:37.2  41:33:25.3   0:00   0:00 -55.3 71.7  +23   +1   1.8  -1.9   138   142  QK5   20   8    0.0  229.340000
3078       3C84  4:46  0:09  3:20:37.1  41:33:25.0   0:00   0:00 -56.3 71.0  +20   +5   1.8  -1.9   143   147  QK5   20   8    0.0  229.340000
3080    4C39.25  4:51  0:15  9:27:51.1  38:59:02.5   0:00   0:00  62.4 35.0  +21   +5   1.8  -1.9   178   186  QK5   20   8    0.0  229.340000
3082       OMC1  4:57  0:21  5:35:51.2  -5:22:18.1   0:00   0:00 164.8 50.9  +21   +5   1.8  -1.9   162   167  QK5   20   4   10.0  229.340000
3084       OMC1  5:00  0:24  5:35:51.2  -5:22:18.1   0:00   0:00 165.8 51.0  +30   +5   1.8  -1.9   160   166  QK5   20   4   10.0  229.340000
3086   0423-013  5:03  0:27  4:23:53.5  -1:19:01.3   0:00   0:00 197.2 54.7  +30   +5   1.8  -1.9   155   160  QK5   20   4    0.0  229.340000
3088      Venus  5:07  0:31  2:53:34.2  19:20:10.2   0:00   0:00 254.1 57.4  +36   +3   1.8  -1.9   156   160  QK5   20   4  -13.2  229.340000
3090      Venus  5:10  0:33  2:53:34.7  19:20:12.8   0:00   0:00 254.8 56.9  +35   +7   0.9  -1.9   155   160  FOC   18   4  -13.2  229.340000
3092      Venus  5:12  0:36  2:53:35.2  19:20:15.3   0:00   0:00 255.4 56.3  +35   +7   1.8  -5.4   153   158  NSFC  18   4  -13.2  229.340000
3094      Venus  5:15  0:39  2:53:35.7  19:20:18.0   0:00   0:00 256.0 55.7  +35   +7   1.8  -1.9   153   158  QK5   20   4  -13.2  229.340000
3096       3C84  5:19  0:42  3:20:37.1  41:33:25.0   0:00   0:00 299.2 65.0  +36   +7   1.8  -1.9   150   155  QK5   20   4    0.0  229.340000
21Mar2012  0:55-> Rain Detected
3098      Venus  5:43  1:07  2:53:40.4  19:20:43.9   0:00   0:00 261.3 49.9  +29   -0   1.8  -1.9   169   175  QK5   20   4  -13.2  229.340000
3100      Venus  5:46  1:10  2:53:40.8  19:20:46.3   0:00   0:00 261.8 49.4  +45   +2   1.8  -1.9   170   177  QK5   20   4  -13.2  229.340000
3102      Venus  5:48  1:12  2:53:41.2  19:20:48.6   0:00   0:00 262.2 48.9  +47   +4   0.9  -1.9   167   173  FOC   18   4  -13.2  229.340000
3104      Venus  5:56  1:19  2:53:42.4  19:20:55.2   0:00   0:00 263.5 47.4  +47   +4   0.9  -1.9   168   174  FOC   18   4  -13.2  229.340000
3106      Venus  5:58  1:22  2:53:42.9  19:20:57.7   0:00   0:00 263.9 46.8  +47   +4   1.8  -5.4   165   171  NSFC  18   4  -13.2  229.340000
3108      Venus  6:01  1:25  2:53:43.3  19:21:00.2   0:00   0:00 264.4 46.2  +47   +4   1.8  -5.3   165   171  NSFC  18   4  -13.2  229.340000
3110      Venus  6:04  1:28  2:53:43.8  19:21:02.9   0:00   0:00 264.7 45.6  +47   +4   1.8  -1.7   169   175  QK5   20   4  -13.2  229.340000
3112    Jupiter  6:11  1:34  2:35:18.2  14:15:27.3   0:00   0:00 262.7 37.9  +50   +3   1.8  -1.7   183   191  QK5   20   4   18.2  229.340000
3114       OMC1  6:15  1:39  5:35:51.2  -5:22:18.1   0:00   0:00 195.6 50.8  +50   +3   1.8  -1.7   164   170  QK5   20   4   10.0  229.340000
3116       OMC1  6:18  1:42  5:35:51.2  -5:22:18.1   0:00   0:00 196.7 50.7  +43  +13   1.8  -1.7   166   172  QK5   20   4   10.0  229.340000
3118       Mars  6:23  1:47 10:42:00.6  12:16:24.2   0:00   0:00  93.1 27.8  +43  +13   1.8  -1.7   212   224  QK5   20   4    5.6  229.340000
3120       Mars  6:26  1:49 10:42:00.5  12:16:24.7   0:00   0:00  93.5 28.4  +55   +8   1.8  -1.7   209   221  QK5   20   4    5.6  229.340000
3122     W3(OH)  6:40  2:03  2:27:59.4  61:55:50.4   0:00   0:00 -33.7 41.1  +55   +8   1.8  -1.7   185   193  QK5   20   4  -45.0  229.340000
3124     W3(OH)  6:42  2:06  2:27:59.4  61:55:50.4   0:00   0:00 -33.8 40.8  +50   +2   1.8  -1.7   182   190  QK5   20   4  -45.0  229.340000
3126     W3(OH)  6:46  2:09  2:27:59.4  61:55:50.4   0:00   0:00 -33.8 40.4  +50   -1   1.8  -1.7   187   195  QK5   20   4  -45.0  229.340000
3128       3C84  6:52  2:16  3:20:37.2  41:33:25.3   0:00   0:00 -62.2 47.6  +49   -0   1.8  -1.7   175   182  QK5   20   4    0.0  229.340000
3130      Venus  7:01  2:24  2:53:53.3  19:21:54.7   0:00   0:00 272.6 33.8  +47   +1   1.8  -1.7   202   212  QK5   20   4  -13.2  229.340000
3132      Venus  7:03  2:27  2:53:53.7  19:21:56.9   0:00   0:00 272.9 33.3  +60   +6   1.8  -1.7   199   209  QK5   20   4  -13.2  229.340000
3134    Jupiter  7:08  2:31  2:35:20.1  14:15:36.9   0:00   0:00 270.9 25.9  +60   +6   1.8  -1.7   228   243  QK5   20   4   18.2  229.340000
3136    Jupiter  7:11  2:34  2:35:20.2  14:15:37.3   0:00   0:00 271.2 25.4  +64   +7   1.8  -1.7   234   248  QK5   20   4   18.2  229.340000
3138       Mars  8:06  3:29 10:41:55.4  12:16:45.3   0:00   0:00 110.6 48.9  +64   +7   1.8  -1.7   182   189  QK5   20   4    5.6  229.340000
3140       Mars  8:08  3:31 10:41:55.2  12:16:45.8   0:00   0:00 111.1 49.4  +36   +8   1.8  -1.7   178   185  QK5   20   4    5.6  229.340000
21Mar2012  4:25-> Rain Stopped
3142       Mars  9:10  4:33 10:41:52.0  12:16:58.4   0:00   0:00 129.0 60.7  +36   +8   0.9  -1.7   176   183  FOC   18   4    5.6  229.340000
3144       Mars  9:16  4:39 10:41:51.7  12:16:59.6   0:00   0:00 131.1 61.6  +36   +8   1.0  -1.7   178   184  FOC   18   4    5.6  229.340000
3146       Mars  9:19  4:42 10:41:51.5  12:17:00.2   0:00   0:00 132.3 62.0  +36   +8   1.9  -5.2   175   181  NSFC  18   4    5.6  229.340000
3148       Mars  9:22  4:45 10:41:51.4  12:17:00.7   0:00   0:00 133.5 62.5  +36   +8   1.9  -5.6   175   182  NSFC  18   4    5.6  229.340000
3150       Mars  9:25  4:48 10:41:51.2  12:17:01.4   0:00   0:00 134.7 62.9  +36   +8   1.9  -5.7   178   184  NSFC  18   4    5.6  229.340000
3152       Mars  9:28  4:51 10:41:51.0  12:17:02.1   0:00   0:00 136.2 63.5  +36   +8   1.9  -2.1   177   183  QK5   20   4    5.6  229.340000
3154       Mars  9:31  4:54 10:41:50.9  12:17:02.6   0:00   0:00 137.3 63.9  +20   +2   1.9  -2.1   172   178  QK5   20   4    5.6  229.340000
3156       Mars  9:49  5:12 10:41:49.9  12:17:06.2   0:00   0:00 146.3 66.3  +20   +2   1.9  -2.1   172   178  QK5   20   4    5.6  229.340000
3158       Mars  9:52  5:15 10:41:49.8  12:17:06.7   0:00   0:00 147.8 66.6  +18   +2   1.0  -2.1   168   174  FOC   18   4    5.6  229.340000
3160      OJ287  9:56  5:19  8:55:32.8  20:03:31.1   0:00   0:00 230.6 71.5  +18   +2   1.8  -2.1   167   173  QK5   20   4    0.0  229.340000
3161   0854+201 10:00  5:23  8:55:32.8  20:03:31.8   0:00   0:00 232.7 70.9  +18   +2   1.8  -2.1   167   173  VLBI 740   0    0.0  229.340000
3163   0854+201 10:07  5:30  8:55:32.8  20:03:31.8   0:00   0:00 235.7 69.7  +18   +2   1.8  -2.1   166   171  FIVE  20   4    0.0  229.340000
3164   0854+201 10:10  5:33  8:55:32.8  20:03:31.8   0:00   0:00 237.4 69.1  +18   +2   1.8  -2.1   166   171  VLBI 740   0    0.0  229.340000
3166      3C273 10:19  5:42 12:29:46.4   1:58:50.8   0:00   0:00 128.2 46.6  +18   +2   1.8  -2.1   192   200  QK5   20   4    0.0  229.340000
3168      3C273 10:21  5:44 12:29:46.4   1:58:50.8   0:00   0:00 128.9 47.0  +40   +2   1.8  -2.1   194   202  QK5   20   4    0.0  229.340000
3170      3C273 10:24  5:47 12:29:46.4   1:58:50.8   0:00   0:00 129.6 47.4  +32   -4   1.8  -2.1   191   199  QK5   20   4    0.0  229.340000
3171        M87 10:26  5:49 12:31:28.7  12:19:10.8   0:00   0:00 118.2 54.9  +34   +1   1.8  -2.1   191   199  VLBI 1220   0    0.0  229.340000
3173        M87 10:37  6:00 12:31:28.7  12:19:10.8   0:00   0:00 121.2 56.8  +34   +1   1.8  -2.1   183   190  SEQ   16   5    0.0  229.340000
3174        M87 10:40  6:03 12:31:28.7  12:19:10.8   0:00   0:00 122.3 57.4  +34   +1   1.8  -2.1   183   190  VLBI 1220   0    0.0  229.340000
3176      3C273 10:51  6:14 12:29:46.4   1:58:51.3   0:00   0:00 137.9 51.5  +34   +1   1.8  -2.1   189   196  SEQ   16   5    0.0  229.340000
3177      3C273 10:54  6:17 12:29:46.4   1:58:51.3   0:00   0:00 139.0 52.0  +34   +1   1.8  -2.1   189   196  VLBI 500   0    0.0  229.340000
3179        M87 10:59  6:22 12:31:28.7  12:19:10.8   0:00   0:00 128.6 60.6  +34   +1   1.8  -2.1   179   186  SEQ   16   5    0.0  229.340000
3180        M87 11:03  6:26 12:31:28.7  12:19:10.8   0:00   0:00 130.2 61.3  +34   +1   1.8  -2.1   179   186  VLBI 1220   0    0.0  229.340000
3182      3C273 11:14  6:37 12:29:46.4   1:58:51.3   0:00   0:00 146.1 54.5  +34   +1   1.8  -2.1   186   194  SEQ   16   5    0.0  229.340000
3183      3C273 11:17  6:40 12:29:46.4   1:58:51.3   0:00   0:00 147.4 54.9  +34   +1   1.8  -2.1   186   194  VLBI 500   0    0.0  229.340000
3185        M87 11:22  6:45 12:31:28.7  12:19:10.8   0:00   0:00 138.1 64.2  +34   +1   1.8  -2.1   179   185  SEQ   16   5    0.0  229.340000
3186        M87 11:26  6:49 12:31:28.7  12:19:10.8   0:00   0:00 140.1 64.7  +34   +1   1.8  -2.1   179   185  VLBI 1220   0    0.0  229.340000
3188        M87 11:37  7:00 12:31:28.7  12:19:10.8   0:00   0:00 145.3 66.1  +34   +1   1.8  -2.1   175   181  SEQ   16   5    0.0  229.340000
3190        M87 11:39  7:02 12:31:28.7  12:19:10.8   0:00   0:00 146.6 66.4  +34   +1   1.8  -2.1   180   187  QK5   20   4    0.0  229.340000
3192        M87 11:42  7:05 12:31:28.7  12:19:10.8   0:00   0:00 148.0 66.7  +27   -0   1.8  -2.1   174   180  QK5   20   4    0.0  229.340000
3194     Saturn 11:46  7:09 13:48:04.3  -8:12:41.5   0:00   0:00 139.2 39.8  +27   -0   1.8  -2.1   212   223  QK5   20   4  -13.0  229.340000
3196     Saturn 11:49  7:11 13:48:04.3  -8:12:41.3   0:00   0:00 139.9 40.2  +46   +2   1.8  -2.1   209   220  QK5   20   4  -13.0  229.340000
3198      3C279 11:52  7:15 12:56:51.4  -5:51:32.5   0:00   0:00 155.3 48.5  +46   +2   1.8  -2.1   197   205  QK5   20   4    0.0  229.340000
3199        M87 11:56  7:19 12:31:28.7  12:19:10.8   0:00   0:00 156.5 68.1  +40   +2   1.8  -2.1   197   205  VLBI 1220   0    0.0  229.340000
3201      3C279 12:07  7:30 12:56:51.4  -5:51:32.4   0:00   0:00 160.8 49.7  +40   +2   1.8  -2.1   193   202  SEQ   16   5    0.0  229.340000
3202      3C279 12:10  7:33 12:56:51.4  -5:51:32.4   0:00   0:00 162.0 49.9  +40   +2   1.8  -2.1   193   202  VLBI 500   0    0.0  229.340000
3204        M87 12:15  7:38 12:31:28.7  12:19:10.8   0:00   0:00 168.8 69.3  +40   +2   1.8  -2.1   171   177  SEQ   16   5    0.0  229.340000
3205        M87 12:19  7:42 12:31:28.7  12:19:10.8   0:00   0:00 171.6 69.4  +40   +2   1.8  -2.1   171   177  VLBI 1220   0    0.0  229.340000
3207      3C273 12:30  7:53 12:29:46.4   1:58:51.3   0:00   0:00 180.3 59.3  +40   +2   1.8  -2.1   177   183  SEQ   16   5    0.0  229.340000
3208      3C273 12:33  7:56 12:29:46.4   1:58:51.3   0:00   0:00 181.9 59.3  +40   +2   1.8  -2.1   177   183  VLBI 500   0    0.0  229.340000
3210        M87 12:38  8:01 12:31:28.7  12:19:10.8   0:00   0:00 184.8 69.5  +40   +2   1.8  -2.1   166   171  SEQ   16   5    0.0  229.340000
3211        M87 12:42  8:05 12:31:28.7  12:19:10.8   0:00   0:00 187.7 69.5  +40   +2   1.8  -2.1   166   171  VLBI 1220   0    0.0  229.340000
3213      3C279 12:53  8:16 12:56:51.4  -5:51:32.4   0:00   0:00 178.7 51.4  +40   +2   1.8  -2.1   181   189  SEQ   16   5    0.0  229.340000
3215      3C279 12:56  8:18 12:56:51.4  -5:51:32.4   0:00   0:00 179.6 51.4  +40   +2   1.8  -2.1   178   185  SEQ   16   5    0.0  229.340000
3216      3C279 13:00  8:23 12:56:51.4  -5:51:32.4   0:00   0:00 181.5 51.4  +40   +2   1.8  -2.1   178   185  VLBI 500   0    0.0  229.340000
3218        M87 13:06  8:28 12:31:28.7  12:19:10.8   0:00   0:00 202.9 68.2  +40   +2   1.8  -2.1   163   168  SEQ   16   5    0.0  229.340000
3219        M87 13:09  8:31 12:31:28.7  12:19:10.8   0:00   0:00 204.8 67.9  +40   +2   1.8  -2.1   163   168  VLBI 1220   0    0.0  229.340000
3221        M87 13:19  8:42 12:31:28.7  12:19:10.8   0:00   0:00 210.9 66.9  +40   +2   1.8  -2.1   162   167  FIVE  20   4    0.0  229.340000
3223     Saturn 13:23  8:45 13:48:03.4  -8:12:35.5   0:00   0:00 170.5 48.6  +40   +2   1.8  -2.1   177   185  QK5   20   4  -13.0  229.340000
3225     Saturn 13:25  8:48 13:48:03.3  -8:12:35.3   0:00   0:00 171.5 48.7  +43  +10   0.9  -2.1   175   183  FOC   18   4  -13.0  229.340000
3227     Saturn 13:28  8:51 13:48:03.3  -8:12:35.1   0:00   0:00 172.7 48.8  +43  +10   1.8  -5.5   177   184  NSFC  18   4  -13.0  229.340000
3229     Saturn 13:31  8:54 13:48:03.3  -8:12:35.0   0:00   0:00 173.7 48.9  +43  +10   1.8  -1.9   175   182  QK5   20   4  -13.0  229.340000
3231     Saturn 13:34  8:56 13:48:03.3  -8:12:34.8   0:00   0:00 174.7 49.0  +43   +9   1.8  -1.9   178   185  FIVE  20   4  -13.0  229.340000
3233       CENA 13:37  8:59 13:26:13.7 -43:05:03.4   0:00   0:00 182.1 14.2  +43   +9   1.8  -1.9   387   424  SEQ   16   5    0.0  229.340000
3234       CENA 13:39  9:01 13:26:13.7 -43:05:03.4   0:00   0:00 182.5 14.2  +43   +9   1.8  -1.9   387   424  VLBI 1220   0    0.0  229.340000
3236      3C273 13:50  9:13 12:29:46.4   1:58:51.3   0:00   0:00 215.8 53.9  +43   +9   1.8  -1.9   171   178  SEQ   16   5    0.0  229.340000
3237      3C273 13:55  9:17 12:29:46.4   1:58:51.3   0:00   0:00 217.4 53.4  +43   +9   1.8  -1.9   171   178  VLBI 500   0    0.0  229.340000
3239        M87 14:00  9:22 12:31:28.7  12:19:10.8   0:00   0:00 229.8 61.3  +43   +9   1.8  -1.9   164   170  SEQ   16   5    0.0  229.340000
3240        M87 14:04  9:26 12:31:28.7  12:19:10.8   0:00   0:00 231.4 60.7  +43   +9   1.8  -1.9   164   170  VLBI 1220   0    0.0  229.340000
3242      3C279 14:15  9:37 12:56:51.4  -5:51:32.4   0:00   0:00 209.3 47.2  +43   +9   1.8  -1.9   178   185  SEQ   16   5    0.0  229.340000
3244      3C279 14:17  9:39 12:56:51.4  -5:51:32.4   0:00   0:00 210.0 47.0  +43   +9   1.8  -1.9   175   183  SEQ   16   5    0.0  229.340000
3245      3C279 14:22  9:44 12:56:51.4  -5:51:32.4   0:00   0:00 211.6 46.5  +43   +9   1.8  -1.9   175   183  VLBI 500   0    0.0  229.340000
3247        M87 14:27  9:49 12:31:28.7  12:19:10.8   0:00   0:00 239.1 56.7  +43   +9   1.8  -1.9   166   172  SEQ   16   5    0.0  229.340000
3248        M87 14:31  9:53 12:31:28.7  12:19:10.8   0:00   0:00 240.3 56.0  +43   +9   1.8  -1.9   166   172  VLBI 1220   0    0.0  229.340000
3250      3C273 14:42 10:04 12:29:46.4   1:58:51.3   0:00   0:00 232.1 46.4  +43   +9   1.8  -1.9   175   182  SEQ   16   5    0.0  229.340000
3251      3C273 14:45 10:07 12:29:46.4   1:58:51.3   0:00   0:00 233.0 45.9  +43   +9   1.8  -1.9   175   182  VLBI 500   0    0.0  229.340000
3253        M87 14:50 10:12 12:31:28.7  12:19:10.8   0:00   0:00 245.3 52.4  +43   +9   1.8  -1.9   168   175  SEQ   16   5    0.0  229.340000
3254        M87 14:54 10:16 12:31:28.7  12:19:10.8   0:00   0:00 246.4 51.6  +43   +9   1.8  -1.9   168   175  VLBI 1220   0    0.0  229.340000
3256      3C279 15:05 10:27 12:56:51.4  -5:51:32.4   0:00   0:00 224.4 40.9  +43   +9   1.8  -1.9   185   193  QK5   20   4    0.0  229.340000
3258      3C279 15:08 10:30 12:56:51.4  -5:51:32.4   0:00   0:00 225.0 40.5  +50   +6   1.8  -1.9   179   187  QK5   20   4    0.0  229.340000
3259      3C279 15:12 10:34 12:56:51.4  -5:51:32.4   0:00   0:00 226.1 39.9  +52   +7   1.8  -1.9   179   187  VLBI 500   0    0.0  229.340000
3261        M87 15:17 10:39 12:31:28.7  12:19:10.8   0:00   0:00 251.5 47.1  +52   +7   1.8  -1.9   174   181  SEQ   16   5    0.0  229.340000
3262        M87 15:21 10:43 12:31:28.7  12:19:10.8   0:00   0:00 252.3 46.3  +52   +7   1.8  -1.9   174   181  VLBI 1220   0    0.0  229.340000
3264      3C273 15:32 10:54 12:29:46.4   1:58:51.3   0:00   0:00 243.9 37.5  +52   +7   1.8  -1.9   186   195  SEQ   16   5    0.0  229.340000
3265      3C273 15:35 10:57 12:29:46.4   1:58:51.3   0:00   0:00 244.6 36.9  +52   +7   1.8  -1.9   186   195  VLBI 500   0    0.0  229.340000
3267        M87 15:40 11:02 12:31:28.7  12:19:10.8   0:00   0:00 255.9 42.5  +52   +7   1.8  -1.9   181   189  SEQ   16   5    0.0  229.340000
3268        M87 15:44 11:06 12:31:28.7  12:19:10.8   0:00   0:00 256.7 41.6  +52   +7   1.8  -1.9   181   189  VLBI 1220   0    0.0  229.340000
3270      3C279 15:55 11:17 12:56:51.4  -5:51:32.4   0:00   0:00 236.1 32.8  +52   +7   1.8  -1.9   195   205  SEQ   16   5    0.0  229.340000
3272      3C279 15:57 11:19 12:56:51.4  -5:51:32.4   0:00   0:00 236.6 32.4  +52   +7   1.8  -1.9   192   202  SEQ   16   5    0.0  229.340000
3273      3C279 16:02 11:24 12:56:51.4  -5:51:32.4   0:00   0:00 237.6 31.6  +52   +7   1.8  -1.9   192   202  VLBI 500   0    0.0  229.340000
3275        M87 16:07 11:29 12:31:28.7  12:19:10.8   0:00   0:00 260.6 36.9  +52   +7   1.8  -1.9   189   199  SEQ   16   5    0.0  229.340000
3276        M87 16:11 11:33 12:31:28.7  12:19:10.8   0:00   0:00 261.3 36.0  +52   +7   1.8  -1.9   189   199  VLBI 1220   0    0.0  229.340000
3278     G10.62 16:24 11:46 18:11:13.3 -19:55:36.5   0:00   0:00 150.3 31.5  +52   +7   1.8  -1.9   205   216  QK5   20   4   -3.5  229.340000
3280    NRAO530 16:27 11:49 17:33:45.3 -13:05:19.8   0:00   0:00 158.1 41.5  +55  +10   1.8  -1.9   186   194  SEQ   16   5    0.0  229.340000
3281    NRAO530 16:31 11:53 17:33:45.3 -13:05:19.8   0:00   0:00 159.4 41.8  +55  +10   1.8  -1.9   186   194  VLBI 500   0    0.0  229.340000
3283       SGRA 16:36 11:58 17:46:28.0 -29:00:38.8   0:00   0:00 162.9 26.1  +55  +10   1.8  -1.9   228   243  SEQ   16   5    0.0  229.340000
3284       SGRA 16:39 12:01 17:46:28.0 -29:00:38.8   0:00   0:00 163.7 26.3  +55  +10   1.8  -1.9   228   243  VLBI 1460   0    0.0  229.340000
21Mar2012 12:05-> Rain Detected
3286    NRAO530 16:52 12:14 17:33:45.3 -13:05:19.8   0:00   0:00 166.1 43.1  +55  +10   1.8  -1.9   190   198  SEQ   16   5    0.0  229.340000
3287    NRAO530 16:55 12:17 17:33:45.3 -13:05:19.8   0:00   0:00 167.1 43.3  +55  +10   1.8  -1.9   190   198  VLBI 500   0    0.0  229.340000
3289       SGRA 17:00 12:22 17:46:28.0 -29:00:38.8   0:00   0:00 168.7 27.3  +55  +10   1.8  -1.9   234   249  SEQ   16   5    0.0  229.340000
3290       SGRA 17:03 12:25 17:46:28.0 -29:00:38.8   0:00   0:00 169.4 27.5  +55  +10   1.8  -1.9   234   249  VLBI 1460   0    0.0  229.340000
3292    NRAO530 17:16 12:38 17:33:45.3 -13:05:19.8   0:00   0:00 174.1 44.0  +55  +10   1.8  -1.9   191   200  SEQ   16   5    0.0  229.340000
3293    NRAO530 17:19 12:41 17:33:45.3 -13:05:19.8   0:00   0:00 175.2 44.1  +55  +10   1.8  -1.9   191   200  VLBI 500   0    0.0  229.340000
3295       SGRA 17:24 12:46 17:46:28.0 -29:00:38.8   0:00   0:00 174.5 28.1  +55  +10   1.8  -1.9   231   245  SEQ   16   5    0.0  229.340000
3296       SGRA 17:27 12:49 17:46:28.0 -29:00:38.8   0:00   0:00 175.3 28.1  +55  +10   1.8  -1.9   231   245  VLBI 1460   0    0.0  229.340000
3298    NRAO530 17:40 13:02 17:33:45.3 -13:05:19.8   0:00   0:00 182.2 44.2  +55  +10   1.8  -1.9   192   200  SEQ   16   5    0.0  229.340000
3299    NRAO530 17:43 13:05 17:33:45.3 -13:05:19.8   0:00   0:00 183.3 44.2  +55  +10   1.8  -1.9   192   200  VLBI 500   0    0.0  229.340000
3301       SGRA 17:48 13:10 17:46:28.0 -29:00:38.8   0:00   0:00 180.5 28.3  +55  +10   1.8  -1.9   234   248  SEQ   16   5    0.0  229.340000
3302       SGRA 17:51 13:13 17:46:28.0 -29:00:38.8   0:00   0:00 181.3 28.3  +55  +10   1.8  -1.9   234   248  VLBI 1460   0    0.0  229.340000
3304       SGRA 18:04 13:26 17:46:28.0 -29:00:38.8   0:00   0:00 184.4 28.2  +55  +10   1.8  -1.9   239   253  SEQ   16   5    0.0  229.340000
3306     G10.62 18:06 13:28 18:11:13.3 -19:55:36.5   0:00   0:00 178.6 37.4  +55  +10   1.8  -1.9   209   220  QK5   20   4   -3.5  229.340000
3308       SGRA 18:09 13:31 17:46:28.0 -29:00:38.8   0:00   0:00 185.7 28.1  +53  +17   1.8  -1.9   239   254  SEQ   16   5    0.0  229.340000
3309       SGRA 18:13 13:35 17:46:28.0 -29:00:38.8   0:00   0:00 186.7 28.0  +53  +17   1.8  -1.9   239   254  VLBI 1460   0    0.0  229.340000
3311   1921-293 18:26 13:48 19:25:37.8 -29:12:54.8   0:00   0:00 165.6 26.5  +53  +17   1.8  -1.9   254   270  SEQ   16   5    0.0  229.340000
3312   1921-293 18:29 13:51 19:25:37.8 -29:12:54.8   0:00   0:00 166.4 26.7  +53  +17   1.8  -1.9   254   270  VLBI 500   0    0.0  229.340000
3314       SGRA 18:35 13:56 17:46:28.0 -29:00:38.8   0:00   0:00 191.9 27.3  +53  +17   1.8  -1.9   257   274  SEQ   16   5    0.0  229.340000
3315       SGRA 18:37 13:59 17:46:28.0 -29:00:38.8   0:00   0:00 192.6 27.1  +53  +17   1.8  -1.9   257   274  VLBI 1460   0    0.0  229.340000
3317   1921-293 18:51 14:12 19:25:37.8 -29:12:54.8   0:00   0:00 171.4 27.5  +53  +17   1.8  -1.9   257   273  SEQ   16   5    0.0  229.340000
3318   1921-293 18:53 14:15 19:25:37.8 -29:12:54.8   0:00   0:00 172.2 27.6  +53  +17   1.8  -1.9   257   273  VLBI 500   0    0.0  229.340000
3320       SGRA 18:59 14:20 17:46:28.0 -29:00:38.8   0:00   0:00 197.6 26.0  +53  +17   1.8  -1.9   271   289  SEQ   16   5    0.0  229.340000
3321       SGRA 19:01 14:23 17:46:28.0 -29:00:38.8   0:00   0:00 198.3 25.8  +53  +17   1.8  -1.9   271   289  VLBI 1460   0    0.0  229.340000
3323   1921-293 19:15 14:36 19:25:37.8 -29:12:54.8   0:00   0:00 177.3 28.0  +53  +17   1.8  -1.9   261   277  SEQ   16   5    0.0  229.340000
3324   1921-293 19:18 14:39 19:25:37.8 -29:12:54.8   0:00   0:00 178.1 28.1  +53  +17   1.8  -1.9   261   277  VLBI 500   0    0.0  229.340000
3326       SGRA 19:23 14:44 17:46:28.0 -29:00:38.8   0:00   0:00 203.0 24.2  +53  +17   1.8  -1.9   287   307  SEQ   16   5    0.0  229.340000
3327       SGRA 19:26 14:47 17:46:28.0 -29:00:38.8   0:00   0:00 203.7 24.0  +53  +17   1.8  -1.9   287   307  VLBI 1460   0    0.0  229.340000
21Mar2012 14:56-> Rain Stopped
3329   1921-293 19:39 15:00 19:25:37.8 -29:12:54.8   0:00   0:00 183.3 28.0  +53  +17   1.8  -1.9   259   274  SEQ   16   5    0.0  229.340000
3330   1921-293 19:42 15:03 19:25:37.8 -29:12:54.8   0:00   0:00 184.0 28.0  +53  +17   1.8  -1.9   259   274  VLBI 500   0    0.0  229.340000
3332       SGRA 19:47 15:08 17:46:28.0 -29:00:38.8   0:00   0:00 208.2 22.1  +53  +17   1.8  -1.9   301   323  SEQ   16   5    0.0  229.340000
3333       SGRA 19:50 15:11 17:46:28.0 -29:00:38.8   0:00   0:00 208.9 21.8  +53  +17   1.8  -1.9   301   323  VLBI 1460   0    0.0  229.340000
3335   1921-293 20:03 15:24 19:25:37.8 -29:12:54.8   0:00   0:00 189.2 27.5  +53  +17   1.8  -1.9   263   279  SEQ   16   5    0.0  229.340000
3336   1921-293 20:06 15:27 19:25:37.8 -29:12:54.8   0:00   0:00 189.9 27.4  +53  +17   1.8  -1.9   263   279  VLBI 500   0    0.0  229.340000
3338       SGRA 20:11 15:32 17:46:28.0 -29:00:38.8   0:00   0:00 213.1 19.5  +53  +17   1.8  -1.9   334   361  SEQ   16   5    0.0  229.340000
3339       SGRA 20:14 15:35 17:46:28.0 -29:00:38.8   0:00   0:00 213.8 19.1  +53  +17   1.8  -1.9   334   361  VLBI 1460   0    0.0  229.340000
21Mar2012 15:44-> Rain Detected
3341   1921-293 20:27 15:48 19:25:37.8 -29:12:54.8   0:00   0:00 194.9 26.4  +53  +17   1.8  -1.9   266   283  SEQ   16   5    0.0  229.340000
3342   1921-293 20:30 15:51 19:25:37.8 -29:12:54.8   0:00   0:00 195.7 26.3  +53  +17   1.8  -1.9   266   283  VLBI 500   0    0.0  229.340000
3344       SGRA 20:35 15:56 17:46:28.0 -29:00:38.8   0:00   0:00 217.7 16.6  +53  +17   1.8  -1.9   373   406  SEQ   16   5    0.0  229.340000
3345       SGRA 20:38 15:59 17:46:28.0 -29:00:38.8   0:00   0:00 218.3 16.2  +53  +17   1.8  -1.9   373   406  VLBI 1460   0    0.0  229.340000
3347     G10.62 20:51 16:12 18:11:13.3 -19:55:36.5   0:00   0:00 221.8 25.1  +53  +17   1.8  -1.9   269   286  QK5   20   4   -3.5  229.340000
3349   1921-293 20:54 16:15 19:25:37.8 -29:12:54.8   0:00   0:00 201.3 24.7  +64  +17   1.8  -1.9   269   287  SEQ   16   5    0.0  229.340000
21Mar2012 16:17-> Rain Stopped
3351   1921-293 20:56 16:17 19:25:37.8 -29:12:54.8   0:00   0:00 201.7 24.5  +64  +17   1.8  -1.9   266   283  SEQ   16   5    0.0  229.340000
3352   1921-293 21:00 16:21 19:25:37.8 -29:12:54.8   0:00   0:00 202.6 24.2  +64  +17   1.8  -1.9   266   283  VLBI 620   0    0.0  229.340000
3354    NRAO530 21:06 16:27 17:33:45.3 -13:05:19.8   0:00   0:00 237.0 21.8  +64  +17   1.8  -1.9   290   310  SEQ   16   5    0.0  229.340000
3355    NRAO530 21:09 16:30 17:33:45.3 -13:05:19.8   0:00   0:00 237.5 21.3  +64  +17   1.8  -1.9   290   310  VLBI 620   0    0.0  229.340000
3357   1921-293 21:15 16:36 19:25:37.8 -29:12:54.8   0:00   0:00 205.9 22.9  +64  +17   1.8  -1.9   278   297  SEQ   16   5    0.0  229.340000
3358   1921-293 21:18 16:39 19:25:37.8 -29:12:54.8   0:00   0:00 206.5 22.6  +64  +17   1.8  -1.9   278   297  VLBI 620   0    0.0  229.340000
3360      BLLAC 21:27 16:48 22:03:13.1  42:20:08.2   0:00   0:00  34.3 77.9  +64  +17   1.8  -1.9   170   175  SEQ   16   5    0.0  229.340000
3362      BLLAC 21:29 16:50 22:03:13.1  42:20:08.2   0:00   0:00  32.7 78.2  +64  +17   1.8  -1.9   166   171  SEQ   16   5    0.0  229.340000
3363      BLLAC 21:32 16:53 22:03:13.1  42:20:08.2   0:00   0:00  30.6 78.6  +64  +17   1.8  -1.9   166   171  VLBI 860   0    0.0  229.340000
